pentbook_cut_c 3 5  12 8 0  341240
pentbook_cut_c 3 10  70 8 27  170962
pentbook_cut_c 3 15  268 8 144  229619
pentbook_cut_c 3 20  762 8 562  197308
pentbook_cut_c 3 25  1576 8 1582  230828
pentbook_cut_c 3 30  3396 8 3824  170610
pentbook_cut_c 6 5  12 8 0  329240
pentbook_cut_c 6 10  70 8 31  157424
pentbook_cut_c 6 15  268 8 156  194664
pentbook_cut_c 6 20  762 8 523  149963
pentbook_cut_c 6 25  1576 8 1566  204077
pentbook_cut_c 6 30  3396 8 3894  138655
pentbook_cut_c 9 5  12 8 0  330663
pentbook_cut_c 9 10  70 8 28  110817
pentbook_cut_c 9 15  268 8 168  102345
pentbook_cut_c 9 20  762 8 551  76206
pentbook_cut_c 9 25  1576 8 1605  105848
pentbook_cut_c 9 30  3396 8 3734  67574
pentbook_cut_c 12 5  12 8 0  338130
pentbook_cut_c 12 10  70 8 31  104353
pentbook_cut_c 12 15  268 8 145  166036
pentbook_cut_c 12 20  762 8 559  74690
pentbook_cut_c 12 25  1576 8 1680  116813
pentbook_cut_c 12 30  3396 8 3785  87131
pentbook_cut_c 15 5  12 8 0  327424
pentbook_cut_c 15 10  70 8 20  80932
pentbook_cut_c 15 15  268 8 161  90447
pentbook_cut_c 15 20  762 8 562  61735
pentbook_cut_c 15 25  1576 8 1629  64433
pentbook_cut_c 15 30  3396 8 3812  58691
pentbook_cut_c 18 5  12 8 0  322198
pentbook_cut_c 18 10  70 8 28  109864
pentbook_cut_c 18 15  268 8 144  101575
pentbook_cut_c 18 20  762 8 578  62222
pentbook_cut_c 18 25  1576 8 1598  91065
pentbook_cut_c 18 30  3396 8 3852  57801
pentbook_cut_c 21 5  12 8 0  000000
pentbook_cut_c 21 10  12 8 4  325096
pentbook_cut_c 21 15  268 8 149  95420
pentbook_cut_c 21 20  762 8 535  63152
pentbook_cut_c 21 25  1576 8 1617  53684
pentbook_cut_c 21 30  3396 8 3758  43196
pentbook_cut_c 24 5  12 8 0  325081
pentbook_cut_c 24 10  70 8 27  80855
pentbook_cut_c 24 15  268 8 164  84580
pentbook_cut_c 24 20  762 8 593  60930
pentbook_cut_c 24 25  1576 8 1562  88791
pentbook_cut_c 24 30  3396 8 3769  53837
pentbook_cut_c 27 5  12 8 0  000000
pentbook_cut_c 27 10  00 8 4  000000
pentbook_cut_c 27 15  00 11 0  000000
pentbook_cut_c 27 20  762 8 555  48205
pentbook_cut_c 27 25  1576 8 1589  52759
pentbook_cut_c 27 30  3396 8 3757  36893
pentbook_cut_c 30 5  12 8 0  000000
pentbook_cut_c 30 10  00 8 4  000000
pentbook_cut_c 30 15  00 8 8  000000
pentbook_cut_c 30 20  762 8 558  49668
pentbook_cut_c 30 25  1576 8 1661  55258
pentbook_cut_c 30 30  3396 8 3902  54379
pentbook_cut_c 33 5  12 8 0  000000
pentbook_cut_c 33 10  00 8 4  000000
pentbook_cut_c 33 15  268 8 140  51891
pentbook_cut_c 33 20  762 8 574  39974
pentbook_cut_c 33 25  1576 8 1594  37213
pentbook_cut_c 33 30  3396 8 3937  29108
pentbook_cut_c 36 5  12 8 0  000000
pentbook_cut_c 36 10  00 8 4  000000
pentbook_cut_c 36 15  268 8 160  84967
pentbook_cut_c 36 20  762 8 574  35303
pentbook_cut_c 36 25  1576 8 1664  55144
pentbook_cut_c 36 30  3396 8 4016  38287
