000 (8385.000.000) 05/23 11:13:40 Job submitted from host: <172.24.89.131:9727>
...
000 (8385.001.000) 05/23 11:13:40 Job submitted from host: <172.24.89.131:9727>
...
000 (8385.002.000) 05/23 11:13:40 Job submitted from host: <172.24.89.131:9727>
...
000 (8385.003.000) 05/23 11:13:40 Job submitted from host: <172.24.89.131:9727>
...
001 (8385.000.000) 05/23 11:13:47 Job executing on host: <172.28.208.140:9030>
...
001 (8385.001.000) 05/23 11:13:47 Job executing on host: <172.28.208.141:9151>
...
001 (8385.002.000) 05/23 11:13:47 Job executing on host: <172.28.208.140:9030>
...
001 (8385.003.000) 05/23 11:13:47 Job executing on host: <172.28.208.141:9151>
...
006 (8385.000.000) 05/23 11:13:55 Image size of job updated: 22304
	2  -  MemoryUsage of job (MB)
	1808  -  ResidentSetSize of job (KB)
...
006 (8385.001.000) 05/23 11:13:55 Image size of job updated: 22304
	2  -  MemoryUsage of job (MB)
	1812  -  ResidentSetSize of job (KB)
...
006 (8385.002.000) 05/23 11:13:55 Image size of job updated: 1
	3  -  MemoryUsage of job (MB)
	2088  -  ResidentSetSize of job (KB)
...
006 (8385.003.000) 05/23 11:13:55 Image size of job updated: 1
	3  -  MemoryUsage of job (MB)
	2084  -  ResidentSetSize of job (KB)
...
006 (8385.002.000) 05/23 11:14:17 Image size of job updated: 22304
	3  -  MemoryUsage of job (MB)
	2088  -  ResidentSetSize of job (KB)
...
006 (8385.003.000) 05/23 11:14:17 Image size of job updated: 22304
	3  -  MemoryUsage of job (MB)
	2084  -  ResidentSetSize of job (KB)
...
005 (8385.000.000) 05/23 11:14:18 Job terminated.
	(1) Normal termination (return value 0)
		Usr 0 00:00:00, Sys 0 00:00:00  -  Run Remote Usage
		Usr 0 00:00:00, Sys 0 00:00:00  -  Run Local Usage
		Usr 0 00:00:00, Sys 0 00:00:00  -  Total Remote Usage
		Usr 0 00:00:00, Sys 0 00:00:00  -  Total Local Usage
	55  -  Run Bytes Sent By Job
	235  -  Run Bytes Received By Job
	55  -  Total Bytes Sent By Job
	235  -  Total Bytes Received By Job
	Partitionable Resources :    Usage  Request Allocated
	   Cpus                 :                 1         1
	   Disk (KB)            :        9        1    807065
	   Memory (MB)          :        2        1         1
...
005 (8385.001.000) 05/23 11:14:18 Job terminated.
	(1) Normal termination (return value 0)
		Usr 0 00:00:00, Sys 0 00:00:00  -  Run Remote Usage
		Usr 0 00:00:00, Sys 0 00:00:00  -  Run Local Usage
		Usr 0 00:00:00, Sys 0 00:00:00  -  Total Remote Usage
		Usr 0 00:00:00, Sys 0 00:00:00  -  Total Local Usage
	55  -  Run Bytes Sent By Job
	235  -  Run Bytes Received By Job
	55  -  Total Bytes Sent By Job
	235  -  Total Bytes Received By Job
	Partitionable Resources :    Usage  Request Allocated
	   Cpus                 :                 1         1
	   Disk (KB)            :        9        1   1006128
	   Memory (MB)          :        2        1         1
...
005 (8385.002.000) 05/23 11:14:18 Job terminated.
	(1) Normal termination (return value 0)
		Usr 0 00:00:00, Sys 0 00:00:00  -  Run Remote Usage
		Usr 0 00:00:00, Sys 0 00:00:00  -  Run Local Usage
		Usr 0 00:00:00, Sys 0 00:00:00  -  Total Remote Usage
		Usr 0 00:00:00, Sys 0 00:00:00  -  Total Local Usage
	55  -  Run Bytes Sent By Job
	235  -  Run Bytes Received By Job
	55  -  Total Bytes Sent By Job
	235  -  Total Bytes Received By Job
	Partitionable Resources :    Usage  Request Allocated
	   Cpus                 :                 1         1
	   Disk (KB)            :        9        1    807065
	   Memory (MB)          :        3        1         1
...
005 (8385.003.000) 05/23 11:14:18 Job terminated.
	(1) Normal termination (return value 0)
		Usr 0 00:00:00, Sys 0 00:00:00  -  Run Remote Usage
		Usr 0 00:00:00, Sys 0 00:00:00  -  Run Local Usage
		Usr 0 00:00:00, Sys 0 00:00:00  -  Total Remote Usage
		Usr 0 00:00:00, Sys 0 00:00:00  -  Total Local Usage
	55  -  Run Bytes Sent By Job
	235  -  Run Bytes Received By Job
	55  -  Total Bytes Sent By Job
	235  -  Total Bytes Received By Job
	Partitionable Resources :    Usage  Request Allocated
	   Cpus                 :                 1         1
	   Disk (KB)            :        9        1   1006128
	   Memory (MB)          :        3        1         1
...
